<?xml version="1.0" encoding="UTF-8"?>
<!-- Generated by org.testng.reporters.JUnitReportReporter -->
<testsuite hostname="DESKTOP-UG71NEM" failures="0" tests="1" name="PageOBject.LoginPage" time="32.348" errors="0" timestamp="2023-11-06T07:33:04 IST" skipped="0">
  <testcase classname="PageOBject.LoginPage" name="test" time="32.348"/>
  <system-out/>
</testsuite> <!-- PageOBject.LoginPage -->
