<?xml version="1.0" encoding="UTF-8"?>
<!-- Generated by org.testng.reporters.JUnitReportReporter -->
<testsuite hostname="DESKTOP-UG71NEM" failures="0" tests="1" name="TestCases.TC_01_LoginTest" time="21.936" errors="0" timestamp="2023-11-08T07:44:44 IST" skipped="0">
  <testcase classname="TestCases.TC_01_LoginTest" name="loginTest" time="21.936"/>
  <system-out/>
</testsuite> <!-- TestCases.TC_01_LoginTest -->
